{
  "stats": {
    "suites": 3,
    "tests": 4,
    "passes": 2,
    "pending": 0,
    "failures": 2,
    "start": "2023-09-15T08:13:22.993Z",
    "end": "2023-09-15T08:13:32.264Z",
    "duration": 9271,
    "testsRegistered": 4,
    "passPercent": 50,
    "pendingPercent": 0,
    "other": 0,
    "hasOther": false,
    "skipped": 0,
    "hasSkipped": false
  },
  "results": [
    {
      "uuid": "f06504ef-bf10-4c99-8370-582fbbc3eed3",
      "title": "",
      "fullFile": "",
      "file": "",
      "beforeHooks": [],
      "afterHooks": [],
      "tests": [],
      "suites": [
        {
          "uuid": "d95eb519-2c05-4fa7-85fd-fa144c42a3f2",
          "title": "add second todo tests",
          "fullFile": "D:\\Testing\\seleniumDemo\\tests\\secondTest.js",
          "file": "\\tests\\secondTest.js",
          "beforeHooks": [],
          "afterHooks": [],
          "tests": [
            {
              "title": "successfully adds second todo to applicatiom",
              "fullTitle": "add second todo tests successfully adds second todo to applicatiom",
              "timedOut": null,
              "duration": 4802,
              "state": "failed",
              "speed": null,
              "pass": false,
              "fail": true,
              "pending": false,
              "context": null,
              "code": "this.timeout(15000)\n    //1 - launch the browser\n    let driver = await new Builder().forBrowser(\"firefox\").build();\n    //2 - navigate to our app\n    await driver.get(\"https://lambdatest.github.io/sample-todo-app/\")\n    //3 - add a todo\n    await driver.findElement(By.id(\"sampletodotext\")).sendKeys(\"Learn Selenium\", Key.RETURN);\n    //5 - asssert - to check that smth is presented on the page\n    let todoText = await driver.findElement(By.xpath(\"//li[last()]\")).getText().then(function (value) {\n        return value\n    });\n    //assert using chai should\n    todoText.should.equal(\" Selenium\")// return the error, becouse the strings do not match\n    //4 - close the browser\n    await driver.quit();",
              "err": {
                "message": "AssertionError: expected 'Learn Selenium' to equal ' Selenium'",
                "estack": "AssertionError: expected 'Learn Selenium' to equal ' Selenium'\n    at Context.<anonymous> (tests\\secondTest.js:26:29)\n    at process.processTicksAndRejections (node:internal/process/task_queues:95:5)",
                "diff": "- Learn Selenium\n+  Selenium\n"
              },
              "uuid": "a39e800f-7d8b-4b79-916d-d12d29899e6a",
              "parentUUID": null,
              "isHook": false,
              "skipped": false
            }
          ],
          "suites": [],
          "passes": [],
          "failures": [
            "a39e800f-7d8b-4b79-916d-d12d29899e6a"
          ],
          "pending": [],
          "skipped": [],
          "duration": 4802,
          "root": false,
          "rootEmpty": false,
          "_timeout": null
        },
        {
          "uuid": "a19cfd0a-c971-4ce0-b5b1-f8444618db94",
          "title": "add todo tests",
          "fullFile": "D:\\Testing\\seleniumDemo\\tests\\firstTest.js",
          "file": "\\tests\\firstTest.js",
          "beforeHooks": [],
          "afterHooks": [],
          "tests": [
            {
              "title": "successfully adds a todo to applicatiom",
              "fullTitle": "add todo tests successfully adds a todo to applicatiom",
              "timedOut": null,
              "duration": 5516,
              "state": "passed",
              "speed": "slow",
              "pass": true,
              "fail": false,
              "pending": false,
              "context": null,
              "code": "this.timeout(15000);\n    //1 - launch the browser\n    let driver = await new Builder().forBrowser(\"firefox\").build();\n    //2 - navigate to our app\n    await driver.get(\"https://lambdatest.github.io/sample-todo-app/\")\n    //3 - add a todo\n    await driver.findElement(By.id(\"sampletodotext\")).sendKeys(\"Learn Selenium\", Key.RETURN);\n    //5 - asssert - to check that smth is presented on the page\n    let todoText = await driver.findElement(By.xpath(\"//li[last()]\")).getText().then(function (value) {\n        return value\n    });\n    //assert using chai should\n    todoText.should.equal(\"Learn Selenium\")// return the error, becouse the strings do not match\n    //4 - close the browser\n    await driver.quit();",
              "err": {},
              "uuid": "604c22d0-2dbf-4e3d-bc64-eff6e47ec727",
              "parentUUID": null,
              "isHook": false,
              "skipped": false
            }
          ],
          "suites": [],
          "passes": [
            "604c22d0-2dbf-4e3d-bc64-eff6e47ec727"
          ],
          "failures": [],
          "pending": [],
          "skipped": [],
          "duration": 5516,
          "root": false,
          "rootEmpty": false,
          "_timeout": null
        },
        {
          "uuid": "829c2172-da2e-4a2f-ad0a-1e4e6bcb3041",
          "title": "add third todo tests",
          "fullFile": "D:\\Testing\\seleniumDemo\\tests\\thirdTest.js",
          "file": "\\tests\\thirdTest.js",
          "beforeHooks": [],
          "afterHooks": [],
          "tests": [
            {
              "title": "successfully adds third todo to applicatiom",
              "fullTitle": "add third todo tests successfully adds third todo to applicatiom",
              "timedOut": null,
              "duration": 5578,
              "state": "passed",
              "speed": "slow",
              "pass": true,
              "fail": false,
              "pending": false,
              "context": null,
              "code": "this.timeout(15000)\n    //1 - launch the browser\n    let driver = await new Builder().forBrowser(\"firefox\").build();\n    //2 - navigate to our app\n    await driver.get(\"https://lambdatest.github.io/sample-todo-app/\")\n    //3 - add a todo\n    await driver.findElement(By.id(\"sampletodotext\")).sendKeys(\"Learn Selenium\", Key.RETURN);\n    //5 - asssert - to check that smth is presented on the page\n    let todoText = await driver.findElement(By.xpath(\"//li[last()]\")).getText().then(function (value) {\n        return value\n    });\n    //assert using chai should\n    todoText.should.equal(\"Learn Selenium\")// return the error, becouse the strings do not match\n    //4 - close the browser\n    await driver.quit();",
              "err": {},
              "uuid": "a2b414fe-43e2-4211-940d-629c3753b051",
              "parentUUID": null,
              "isHook": false,
              "skipped": false
            },
            {
              "title": "new second test in third",
              "fullTitle": "add third todo tests new second test in third",
              "timedOut": null,
              "duration": 3172,
              "state": "failed",
              "speed": null,
              "pass": false,
              "fail": true,
              "pending": false,
              "context": null,
              "code": "this.timeout(15000)\n    //1 - launch the browser\n    let driver = await new Builder().forBrowser(\"firefox\").build();\n    //2 - navigate to our app\n    await driver.get(\"https://lambdatest.github.io/sample-todo-app/\")\n    //3 - add a todo\n    await driver.findElement(By.id(\"sampletodotext\")).sendKeys(\"Learn Selenium\", Key.RETURN);\n    //5 - asssert - to check that smth is presented on the page\n    let todoText = await driver.findElement(By.xpath(\"//li[last()]\")).getText().then(function (value) {\n        return value\n    });\n    //assert using chai should\n    todoText.should.equal(\"Learn S\")// return the error, becouse the strings do not match\n    //4 - close the browser\n    await driver.quit();",
              "err": {
                "message": "AssertionError: expected 'Learn Selenium' to equal 'Learn S'",
                "estack": "AssertionError: expected 'Learn Selenium' to equal 'Learn S'\n    at Context.<anonymous> (tests\\thirdTest.js:52:29)\n    at process.processTicksAndRejections (node:internal/process/task_queues:95:5)",
                "diff": "- Learn Selenium\n+ Learn S\n"
              },
              "uuid": "b767ff14-a2f3-4399-a56b-879f69473a0a",
              "parentUUID": null,
              "isHook": false,
              "skipped": false
            }
          ],
          "suites": [],
          "passes": [
            "a2b414fe-43e2-4211-940d-629c3753b051"
          ],
          "failures": [
            "b767ff14-a2f3-4399-a56b-879f69473a0a"
          ],
          "pending": [],
          "skipped": [],
          "duration": 8750,
          "root": false,
          "rootEmpty": false,
          "_timeout": null
        }
      ],
      "passes": [],
      "failures": [],
      "pending": [],
      "skipped": [],
      "duration": 0,
      "root": true,
      "rootEmpty": true,
      "_timeout": 2000
    }
  ],
  "meta": {
    "mocha": {
      "version": "10.2.0"
    },
    "mochawesome": {
      "options": {
        "quiet": false,
        "reportFilename": "testReport",
        "saveHtml": true,
        "saveJson": true,
        "consoleReporter": "spec",
        "useInlineDiffs": false,
        "code": true
      },
      "version": "7.1.3"
    },
    "marge": {
      "options": {
        "reportDir": "D:/Testing/seleniumDemo/reports",
        "reportFilename": "testReport"
      },
      "version": "6.2.0"
    }
  }
}