{
  "stats": {
    "suites": 2,
    "tests": 2,
    "passes": 2,
    "pending": 0,
    "failures": 0,
    "start": "2023-09-18T16:05:50.493Z",
    "end": "2023-09-18T16:06:05.805Z",
    "duration": 15312,
    "testsRegistered": 2,
    "passPercent": 100,
    "pendingPercent": 0,
    "other": 0,
    "hasOther": false,
    "skipped": 0,
    "hasSkipped": false
  },
  "results": [
    {
      "uuid": "ac551cdb-3874-4a21-95c5-da329ae42f3c",
      "title": "",
      "fullFile": "",
      "file": "",
      "beforeHooks": [],
      "afterHooks": [],
      "tests": [],
      "suites": [
        {
          "uuid": "ea7816e0-391e-4125-9750-5bde470c8545",
          "title": "add todo tests",
          "fullFile": "D:\\Testing\\seleniumDemo\\tests\\firstTest.js",
          "file": "\\tests\\firstTest.js",
          "beforeHooks": [],
          "afterHooks": [],
          "tests": [
            {
              "title": "successfully adds a todo to applicatiom",
              "fullTitle": "add todo tests successfully adds a todo to applicatiom",
              "timedOut": null,
              "duration": 3768,
              "state": "passed",
              "speed": "slow",
              "pass": true,
              "fail": false,
              "pending": false,
              "context": null,
              "code": "this.timeout(15000);\n    //1 - launch the browser\n    let driver = await new Builder().forBrowser(\"firefox\").build();\n    //2 - navigate to our app\n    await driver.get(\"https://lambdatest.github.io/sample-todo-app/\")\n    //3 - add a todo\n    await driver.findElement(By.id(\"sampletodotext\")).sendKeys(\"Learn Selenium\", Key.RETURN);\n    //5 - asssert - to check that smth is presented on the page\n    let todoText = await driver.findElement(By.xpath(\"//li[last()]\")).getText().then(function (value) {\n        return value\n    });\n    //assert using chai should\n    todoText.should.equal(\"Learn Selenium\")// return the error, becouse the strings do not match\n    //4 - close the browser\n    await driver.quit();",
              "err": {},
              "uuid": "18a1373b-4d64-4655-b033-8d6f4ba4b7dc",
              "parentUUID": null,
              "isHook": false,
              "skipped": false
            }
          ],
          "suites": [],
          "passes": [
            "18a1373b-4d64-4655-b033-8d6f4ba4b7dc"
          ],
          "failures": [],
          "pending": [],
          "skipped": [],
          "duration": 3768,
          "root": false,
          "rootEmpty": false,
          "_timeout": null
        },
        {
          "uuid": "07ad1eae-e7f8-40f8-a78d-a49d3ebfbc06",
          "title": "add second todo tests",
          "fullFile": "D:\\Testing\\seleniumDemo\\tests\\secondTest.js",
          "file": "\\tests\\secondTest.js",
          "beforeHooks": [
            {
              "title": "\"before each\" hook in \"add second todo tests\"",
              "fullTitle": "add second todo tests \"before each\" hook in \"add second todo tests\"",
              "timedOut": null,
              "duration": 1,
              "state": null,
              "speed": null,
              "pass": false,
              "fail": false,
              "pending": null,
              "context": null,
              "code": "ltCapabilities.capabilities.name = this.currentTest.title;\n\ndriver = new Builder()\n.usingServer(gridUrl)\n.withCapabilities(ltCapabilities.capabilities)\n.build();",
              "err": {},
              "uuid": "0a0d1cd6-b226-4ac0-9c86-7c088c6282d1",
              "parentUUID": null,
              "isHook": true,
              "skipped": false
            }
          ],
          "afterHooks": [
            {
              "title": "\"after each\" hook in \"add second todo tests\"",
              "fullTitle": "add second todo tests \"after each\" hook in \"add second todo tests\"",
              "timedOut": null,
              "duration": 145,
              "state": null,
              "speed": null,
              "pass": false,
              "fail": false,
              "pending": null,
              "context": null,
              "code": "await driver.quit();",
              "err": {},
              "uuid": "8b3c5e0e-bbf0-445e-a340-03ce771cbb33",
              "parentUUID": null,
              "isHook": true,
              "skipped": false
            }
          ],
          "tests": [
            {
              "title": "successfully adds second todo to applicatiom",
              "fullTitle": "add second todo tests successfully adds second todo to applicatiom",
              "timedOut": null,
              "duration": 14868,
              "state": "passed",
              "speed": "slow",
              "pass": true,
              "fail": false,
              "pending": false,
              "context": null,
              "code": "this.timeout(15000)\n    //1 - launch the browser\n    //let driver = await new Builder().forBrowser(\"firefox\").build();\n    //2 - navigate to our app\n    await driver.get(\"https://lambdatest.github.io/sample-todo-app/\")\n    //3 - add a todo\n    await driver.findElement(By.id(\"sampletodotext\")).sendKeys(\"Learn Selenium\", Key.RETURN);\n    //5 - asssert - to check that smth is presented on the page\n    let todoText = await driver.findElement(By.xpath(\"//li[last()]\")).getText().then(function (value) {\n        return value\n    });\n    //assert using chai should\n    todoText.should.equal(\"Learn Selenium\")// return the error, becouse the strings do not match\n    //4 - close the browser\n    //await driver.quit();",
              "err": {},
              "uuid": "9d00766b-f1e7-47da-b456-35625c56158f",
              "parentUUID": null,
              "isHook": false,
              "skipped": false
            }
          ],
          "suites": [],
          "passes": [
            "9d00766b-f1e7-47da-b456-35625c56158f"
          ],
          "failures": [],
          "pending": [],
          "skipped": [],
          "duration": 14868,
          "root": false,
          "rootEmpty": false,
          "_timeout": null
        }
      ],
      "passes": [],
      "failures": [],
      "pending": [],
      "skipped": [],
      "duration": 0,
      "root": true,
      "rootEmpty": true,
      "_timeout": 2000
    }
  ],
  "meta": {
    "mocha": {
      "version": "10.2.0"
    },
    "mochawesome": {
      "options": {
        "quiet": false,
        "reportFilename": "testReport",
        "saveHtml": true,
        "saveJson": true,
        "consoleReporter": "spec",
        "useInlineDiffs": false,
        "code": true
      },
      "version": "7.1.3"
    },
    "marge": {
      "options": {
        "reportDir": "D:/Testing/seleniumDemo/reports",
        "reportFilename": "testReport"
      },
      "version": "6.2.0"
    }
  }
}